<?xml version="1.0" encoding="UTF-8"?>
<!-- Generated by org.testng.reporters.JUnitReportReporter -->
<testsuite hostname="SUMI" failures="0" tests="3" name="com.enrol1.scripts.EditPageTest" time="23.125" errors="0" timestamp="2022-03-17T02:34:09 IST" skipped="0">
  <testcase classname="com.enrol1.scripts.EditPageTest" name="verifyEdit" time="6.031"/>
  <system-out/>
  <testcase classname="com.enrol1.scripts.EditPageTest" name="verifyEditList" time="14.988"/>
  <system-out/>
  <testcase classname="com.enrol1.scripts.EditPageTest" name="verifyReset" time="2.106"/>
  <system-out/>
</testsuite> <!-- com.enrol1.scripts.EditPageTest -->
