<?xml version="1.0" encoding="UTF-8"?>
<!-- Generated by org.testng.reporters.JUnitReportReporter -->
<testsuite hostname="SUMI" failures="0" tests="3" name="com.enrol1.scripts.CourseTestClass" time="26.430" errors="0" timestamp="2022-03-17T02:34:09 IST" skipped="0">
  <testcase classname="com.enrol1.scripts.CourseTestClass" name="verifyEmployeesPage" time="6.151"/>
  <system-out/>
  <testcase classname="com.enrol1.scripts.CourseTestClass" name="addCourseVerify" time="5.177"/>
  <system-out/>
  <testcase classname="com.enrol1.scripts.CourseTestClass" name="knowMoreBtnVerify" time="15.102"/>
  <system-out/>
</testsuite> <!-- com.enrol1.scripts.CourseTestClass -->
