<?xml version="1.0" encoding="UTF-8"?>
<!-- Generated by org.testng.reporters.JUnitReportReporter -->
<testsuite hostname="SUMI" failures="0" tests="1" name="com.enrol1.scripts.AllStudentsTest" time="6.208" errors="0" timestamp="2022-03-17T02:34:09 IST" skipped="0">
  <testcase classname="com.enrol1.scripts.AllStudentsTest" name="verifyStudentPage" time="6.208"/>
  <system-out/>
</testsuite> <!-- com.enrol1.scripts.AllStudentsTest -->
