<?xml version="1.0" encoding="UTF-8"?>
<!-- Generated by org.testng.reporters.JUnitReportReporter -->
<testsuite hostname="SUMI" failures="0" tests="2" name="com.enrol1.scripts.LoginTestClass" time="13.375" errors="0" timestamp="2022-03-17T02:34:09 IST" skipped="0">
  <testcase classname="com.enrol1.scripts.LoginTestClass" name="verifyInvalidLogin" time="6.266"/>
  <system-out/>
  <testcase classname="com.enrol1.scripts.LoginTestClass" name="verifyValidLogin" time="7.109"/>
  <system-out/>
</testsuite> <!-- com.enrol1.scripts.LoginTestClass -->
